<?xml version="1.0" encoding="UTF-8"?>
<testng-results ignored="0" total="1" passed="1" failed="0" skipped="0">
  <reporter-output>
  </reporter-output>
  <suite started-at="2022-07-11T13:14:18 IST" name="Default suite" finished-at="2022-07-11T13:15:38 IST" duration-ms="80108">
    <groups>
    </groups>
    <test started-at="2022-07-11T13:14:18 IST" name="Default test" finished-at="2022-07-11T13:15:38 IST" duration-ms="80108">
      <class name="com.runner.BbcEditorPickTest">
        <test-method is-config="true" signature="initialize()[pri:0, instance:com.runner.BbcEditorPickTest@f79a760]" started-at="2022-07-11T13:14:17 IST" name="initialize" finished-at="2022-07-11T13:14:18 IST" duration-ms="693" status="PASS">
          <reporter-output>
          </reporter-output>
        </test-method> <!-- initialize -->
        <test-method is-config="true" signature="setUp()[pri:0, instance:com.runner.BbcEditorPickTest@f79a760]" started-at="2022-07-11T13:14:18 IST" name="setUp" finished-at="2022-07-11T13:15:18 IST" duration-ms="60465" status="PASS">
          <reporter-output>
          </reporter-output>
        </test-method> <!-- setUp -->
        <test-method signature="editorPickTest(java.lang.reflect.Method)[pri:0, instance:com.runner.BbcEditorPickTest@f79a760]" started-at="2022-07-11T13:15:18 IST" name="editorPickTest" finished-at="2022-07-11T13:15:32 IST" duration-ms="13348" status="PASS">
          <params>
            <param index="0">
              <value>
                <![CDATA[public void com.runner.BbcEditorPickTest.editorPickTest(java.lang.reflect.Method)]]>
              </value>
            </param>
          </params>
          <reporter-output>
          </reporter-output>
        </test-method> <!-- editorPickTest -->
        <test-method is-config="true" signature="tearDownMethod(org.testng.ITestResult)[pri:0, instance:com.runner.BbcEditorPickTest@f79a760]" started-at="2022-07-11T13:15:32 IST" name="tearDownMethod" finished-at="2022-07-11T13:15:38 IST" duration-ms="6244" status="PASS">
          <params>
            <param index="0">
              <value>
                <![CDATA[[TestResult name=editorPickTest status=SUCCESS method=BbcEditorPickTest.editorPickTest(java.lang.reflect.Method)[pri:0, instance:com.runner.BbcEditorPickTest@f79a760] output={null}]]]>
              </value>
            </param>
          </params>
          <reporter-output>
          </reporter-output>
        </test-method> <!-- tearDownMethod -->
        <test-method is-config="true" signature="Clear()[pri:0, instance:com.runner.BbcEditorPickTest@f79a760]" started-at="2022-07-11T13:15:38 IST" name="Clear" finished-at="2022-07-11T13:15:38 IST" duration-ms="454" status="PASS">
          <reporter-output>
          </reporter-output>
        </test-method> <!-- Clear -->
      </class> <!-- com.runner.BbcEditorPickTest -->
    </test> <!-- Default test -->
  </suite> <!-- Default suite -->
</testng-results>
